Arguments: 
  D:\node.exe C:\Users\14381\AppData\Roaming\npm\node_modules\yarn\bin\yarn.js add @escook/request-miniprogram

PATH: 
  D:\Vmware\bin\;C:\Program Files\Python39\Scripts\;C:\Program Files\Python39\;C:\Windows\system32;C:\Windows;C:\Windows\System32\Wbem;C:\Windows\System32\WindowsPowerShell\v1.0\;C:\Windows\System32\OpenSSH\;C:\Program Files (x86)\NVIDIA Corporation\PhysX\Common;C:\Program Files\NVIDIA Corporation\NVIDIA NvDLISR;D:\;C:\Users\14381\AppData\Local\Yarn\bin;D:\Java\jdk8\bin;;E:\微信web开发者工具\dll;C:\Users\14381\AppData\Local\Microsoft\WindowsApps;E:\Microsoft VS Code\bin;C:\Users\14381\AppData\Roaming\npm

Yarn version: 
  1.22.17

Node version: 
  16.13.2

Platform: 
  win32 x64

Trace: 
  Error: connect ETIMEDOUT 104.16.25.35:443
      at TCPConnectWrap.afterConnect [as oncomplete] (node:net:1161:16)

npm manifest: 
  {
    "name": "shop",
    "version": "1.0.0",
    "main": "index.js",
    "license": "MIT"
  }

yarn manifest: 
  No manifest

Lockfile: 
  No lockfile
